2019-07-19 22:00:58 - Error while opening file for capture: C:\Users\hp\Desktop\信安竞赛-2\ltc1.s0i0.pcap: No such file or directory
2019-07-19 22:02:21 - Error while opening file for capture: C:\Users\hp\Desktop\信安竞赛-2\ltc1.s0i0.pcap: No such file or directory
2019-07-20 16:59:14 - You select: ltc1.s0i0.pcap
2019-07-20 16:59:14 - Out folder: .
2019-07-20 16:59:14 - CICFlowMeter received 1 pcap file
2019-07-20 17:42:38 - You select: ltc1.s0i0.pcap
2019-07-20 17:42:38 - Out folder: .
2019-07-20 17:42:39 - CICFlowMeter received 1 pcap file
2019-07-20 18:20:53 - You select: ltc1.s0i0.pcap
2019-07-20 18:20:53 - Out folder: .
2019-07-20 18:20:53 - CICFlowMeter received 1 pcap file
2019-07-20 18:23:13 - You select: ltc1.s0i0.pcap
2019-07-20 18:23:13 - Out folder: .
2019-07-20 18:23:14 - CICFlowMeter received 1 pcap file
2019-07-20 18:23:54 - You select: ltc1.s0i0.pcap
2019-07-20 18:23:54 - Out folder: .
2019-07-20 18:23:55 - CICFlowMeter received 1 pcap file
2019-07-20 18:27:38 - You select: ltc1.s0i0.pcap
2019-07-20 18:27:38 - Out folder: .
2019-07-20 18:27:38 - CICFlowMeter received 1 pcap file
2019-07-20 18:59:40 - You select: ltc1.s0i0.pcap
2019-07-20 18:59:40 - Out folder: .
2019-07-20 18:59:40 - CICFlowMeter received 1 pcap file
2019-07-20 21:21:20 - You select: ltc1.s0i0.pcap
2019-07-20 21:21:20 - Out folder: ../..
2019-07-20 21:21:21 - CICFlowMeter received 1 pcap file
2019-07-20 21:23:36 - You select: ltc1.s0i0.pcap
2019-07-20 21:23:36 - Out folder: ../..
2019-07-20 21:23:36 - CICFlowMeter received 1 pcap file
2019-07-20 21:24:33 - You select: ltc1.s0i0.pcap
2019-07-20 21:24:33 - Out folder: ../..
2019-07-20 21:24:34 - CICFlowMeter received 1 pcap file
2019-07-20 21:25:30 - You select: ltc1.s0i0.pcap
2019-07-20 21:25:30 - Out folder: ../..
2019-07-20 21:25:31 - CICFlowMeter received 1 pcap file
2019-07-23 12:09:06 - Please select pcap!
2019-07-23 12:09:20 - You select: ltc1.s0i0.pcap
2019-07-23 12:09:20 - Out folder: .
2019-07-23 12:09:21 - CICFlowMeter received 1 pcap file
2019-07-26 16:29:54 - You select: /home/miao/Desktop/version0/ltc1.s0i0.pcap
2019-07-26 16:29:54 - Out folder: ../..
2019-07-26 16:29:56 - CICFlowMeter received 1 pcap file
